0 info it worked if it ends with ok
1 verbose cli [ '/usr/bin/node', '/bin/npm', 'run', 'generate-docs' ]
2 info using npm@3.10.10
3 info using node@v6.17.1
4 verbose run-script [ 'pregenerate-docs', 'generate-docs', 'postgenerate-docs' ]
5 info lifecycle express-generator@0.0.0~pregenerate-docs: express-generator@0.0.0
6 silly lifecycle express-generator@0.0.0~pregenerate-docs: no script for pregenerate-docs, continuing
7 info lifecycle express-generator@0.0.0~generate-docs: express-generator@0.0.0
8 verbose lifecycle express-generator@0.0.0~generate-docs: unsafe-perm in lifecycle true
9 verbose lifecycle express-generator@0.0.0~generate-docs: PATH: /usr/lib/node_modules/npm/bin/node-gyp-bin:/home/elearning/NetApp/Testing/Server/node_modules/.bin:/usr/bin:/sbin:/bin:/usr/sbin:/usr/bin
10 verbose lifecycle express-generator@0.0.0~generate-docs: CWD: /home/elearning/NetApp/Testing/Server
11 silly lifecycle express-generator@0.0.0~generate-docs: Args: [ '-c', 'jsdoc -c conf.json' ]
12 silly lifecycle express-generator@0.0.0~generate-docs: Returned: code: 126  signal: null
13 info lifecycle express-generator@0.0.0~generate-docs: Failed to exec generate-docs script
14 verbose stack Error: express-generator@0.0.0 generate-docs: `jsdoc -c conf.json`
14 verbose stack Exit status 126
14 verbose stack     at EventEmitter.<anonymous> (/usr/lib/node_modules/npm/lib/utils/lifecycle.js:255:16)
14 verbose stack     at emitTwo (events.js:106:13)
14 verbose stack     at EventEmitter.emit (events.js:191:7)
14 verbose stack     at ChildProcess.<anonymous> (/usr/lib/node_modules/npm/lib/utils/spawn.js:40:14)
14 verbose stack     at emitTwo (events.js:106:13)
14 verbose stack     at ChildProcess.emit (events.js:191:7)
14 verbose stack     at maybeClose (internal/child_process.js:920:16)
14 verbose stack     at Process.ChildProcess._handle.onexit (internal/child_process.js:230:5)
15 verbose pkgid express-generator@0.0.0
16 verbose cwd /home/elearning/NetApp/Testing/Server
17 error Linux 3.10.0-1062.4.1.el7.x86_64
18 error argv "/usr/bin/node" "/bin/npm" "run" "generate-docs"
19 error node v6.17.1
20 error npm  v3.10.10
21 error code ELIFECYCLE
22 error express-generator@0.0.0 generate-docs: `jsdoc -c conf.json`
22 error Exit status 126
23 error Failed at the express-generator@0.0.0 generate-docs script 'jsdoc -c conf.json'.
23 error Make sure you have the latest version of node.js and npm installed.
23 error If you do, this is most likely a problem with the express-generator package,
23 error not with npm itself.
23 error Tell the author that this fails on your system:
23 error     jsdoc -c conf.json
23 error You can get information on how to open an issue for this project with:
23 error     npm bugs express-generator
23 error Or if that isn't available, you can get their info via:
23 error     npm owner ls express-generator
23 error There is likely additional logging output above.
24 verbose exit [ 1, true ]
